
> @ docs:dev /home/arblog
> vuepress dev docs


 WAIT  Extracting site metadata...
[08:52:40] Compiling Client
[08:52:45] Compiled Client in 4s
c
 DONE  [08:52:45] Build 71f22a finished in 4107 ms!

> VuePress dev server listening at http://localhost:8080/
c[08:52:45] Compiling Client
[08:52:45] Compiled Client in 182ms
c
 DONE  [08:52:45] Build e5401f finished in 184 ms!
c[09:04:15] Compiling Client
[09:04:16] Compiled Client in 464ms
c
 DONE  [09:04:16] Build 49dba6 finished in 466 ms!
c[09:04:35] Compiling Client
[09:04:35] Compiled Client in 370ms
c
 DONE  [09:04:35] Build cde71a finished in 371 ms!
c[09:05:36] Compiling Client
[09:05:36] Compiled Client in 242ms
c
 DONE  [09:05:36] Build 66c598 finished in 244 ms!
⚠ ｢wdm｣: Hash: [1m66c598772f9d571cf6c5[39m[22m
Version: webpack [1m4.15.1[39m[22m
Time: [1m11244[39m[22mms
Built at: 2018-07-06 [1m09:05:36[39m[22m
                                 [1mAsset[39m[22m       [1mSize[39m[22m  [1mChunks[39m[22m  [1m[39m[22m           [1m[39m[22m[1mChunk Names[39m[22m
                        [1m[32massets/js/2.js[39m[22m   12.4 KiB       [1m2[39m[22m  [1m[32m[39m[22m           
  [1m[32m43035c505e3217c9aaea.hot-update.json[39m[22m   44 bytes        [1m[39m[22m  [1m[32m[emitted][39m[22m  
                      [1m[32massets/js/app.js[39m[22m   2.34 MiB     [1mapp[39m[22m  [1m[32m[emitted][39m[22m  app
                        [1m[32massets/js/0.js[39m[22m   13.6 KiB       [1m0[39m[22m  [1m[32m[39m[22m           
                        [1m[32massets/js/1.js[39m[22m    579 KiB       [1m1[39m[22m  [1m[32m[39m[22m           
        [1m[32massets/img/search.83621669.svg[39m[22m  216 bytes        [1m[39m[22m  [1m[32m[39m[22m           
                        [1m[32massets/js/3.js[39m[22m   12.4 KiB       [1m3[39m[22m  [1m[32m[39m[22m           
                        [1m[32massets/js/4.js[39m[22m   13.6 KiB       [1m4[39m[22m  [1m[32m[emitted][39m[22m  
[1m[32mapp.cde71a3678f6d8c2da64.hot-update.js[39m[22m    9.5 KiB     [1mapp[39m[22m  [1m[32m[emitted][39m[22m  app
  [1m[32mcde71a3678f6d8c2da64.hot-update.json[39m[22m   45 bytes        [1m[39m[22m  [1m[32m[emitted][39m[22m  
                            [1m[32mindex.html[39m[22m  287 bytes        [1m[39m[22m  [1m[32m[emitted][39m[22m  
Entrypoint [1mapp[39m[22m = [1m[32massets/js/app.js[39m[22m [1m[32mapp.cde71a3678f6d8c2da64.hot-update.js[39m[22m
[[1m./node_modules/core-js/modules/_core.js[39m[22m] 122 bytes {[1m[33mapp[39m[22m}
[[1m./node_modules/core-js/modules/es6.promise.js[39m[22m] 9.58 KiB {[1m[33mapp[39m[22m}
[[1m./node_modules/register-service-worker/index.js[39m[22m] 3.38 KiB {[1m[33mapp[39m[22m}
[[1m./node_modules/vuepress/lib/app/.temp/themeEnhanceApp.js[39m[22m] 29 bytes {[1m[33mapp[39m[22m}
[0] [1mmulti ./node_modules/vuepress/lib/app/clientEntry.js[39m[22m 28 bytes {[1m[33mapp[39m[22m}
[./node_modules/webpack-hot-client/client/log.js] [1m(webpack)-hot-client/client/log.js[39m[22m 2.4 KiB {[1m[33mapp[39m[22m}
[1] [1mmulti webpack-hot-client/client?1fa6da7f-6b15-4735-aa33-6fd5810f5fdf ./node_modules/vuepress/lib/app/clientEntry.js[39m[22m 40 bytes {[1m[33mapp[39m[22m}
[[1m./node_modules/vuepress/lib/app/app.js[39m[22m] 2.69 KiB {[1m[33mapp[39m[22m}
[[1m./node_modules/vuepress/lib/app/clientEntry.js[39m[22m] 2.11 KiB {[1m[33mapp[39m[22m}
[[1m./node_modules/vuepress/lib/app/components/ClientOnly.js[39m[22m] 306 bytes {[1m[33mapp[39m[22m}
[[1m./node_modules/vuepress/lib/app/components/Content.js[39m[22m] 381 bytes {[1m[33mapp[39m[22m}
[[1m./node_modules/vuepress/lib/app/components/OutboundLink.vue[39m[22m] 1.08 KiB {[1m[33mapp[39m[22m}
[./node_modules/webpack-hot-client/client/hot.js] [1m(webpack)-hot-client/client/hot.js[39m[22m 4.91 KiB {[1m[33mapp[39m[22m}
[./node_modules/webpack-hot-client/client/index.js?1fa6da7f-6b15-4735-aa33-6fd5810f5fdf] [1m(webpack)-hot-client/client?1fa6da7f-6b15-4735-aa33-6fd5810f5fdf[39m[22m 2.47 KiB {[1m[33mapp[39m[22m}
[./node_modules/webpack-hot-client/client/socket.js] [1m(webpack)-hot-client/client/socket.js[39m[22m 1.39 KiB {[1m[33mapp[39m[22m}
    + 260 hidden modules

[1m[33mWARNING in ./docs/vue/Vue.md
There are multiple modules with names that only differ in casing.
This can lead to unexpected behavior when compiling on a filesystem with other case-semantic.
Use equal casing. Compare these module identifiers:
* /home/arblog/node_modules/cache-loader/dist/cjs.js??ref--1-0!/home/arblog/node_modules/vue-loader/lib/index.js??ref--1-1!/home/arblog/node_modules/vuepress/lib/webpack/markdownLoader.js??ref--1-2!/home/arblog/docs/vue/Vue.md
    Used by 1 module(s), i. e.
    /home/arblog/node_modules/cache-loader/dist/cjs.js??ref--3-0!/home/arblog/node_modules/babel-loader/lib/index.js??ref--3-1!/home/arblog/node_modules/vuepress/lib/app/.temp/routes.js
* /home/arblog/node_modules/cache-loader/dist/cjs.js??ref--1-0!/home/arblog/node_modules/vue-loader/lib/index.js??ref--1-1!/home/arblog/node_modules/vuepress/lib/webpack/markdownLoader.js??ref--1-2!/home/arblog/docs/vue/vue.md
    Used by 1 module(s), i. e.
    /home/arblog/node_modules/cache-loader/dist/cjs.js??ref--3-0!/home/arblog/node_modules/babel-loader/lib/index.js??ref--3-1!/home/arblog/node_modules/vuepress/lib/app/.temp/routes.js
 @ ./docs/vue/Vue.md
 @ ./node_modules/vuepress/lib/app/.temp/routes.js
 @ ./node_modules/vuepress/lib/app/app.js
 @ ./node_modules/vuepress/lib/app/clientEntry.js
 @ multi ./node_modules/vuepress/lib/app/clientEntry.js[39m[22m
Child [1mhtml-webpack-plugin for "index.html"[39m[22m:
                                   [1mAsset[39m[22m      [1mSize[39m[22m  [1mChunks[39m[22m  [1m[39m[22m           [1m[39m[22m[1mChunk Names[39m[22m
                              [1m[32mindex.html[39m[22m  1.38 MiB       [1m0[39m[22m  [1m[32m[39m[22m           
    [1m[32m43035c505e3217c9aaea.hot-update.json[39m[22m  44 bytes        [1m[39m[22m  [1m[32m[emitted][39m[22m  
    Entrypoint [1mundefined[39m[22m = [1m[32mindex.html[39m[22m
    [[1m./node_modules/lodash/lodash.js[39m[22m] 527 KiB {[1m[33m0[39m[22m}
    [[1m./node_modules/vuepress-html-webpack-plugin/lib/loader.js!./node_modules/vuepress/lib/app/index.dev.html[39m[22m] 421 bytes {[1m[33m0[39m[22m}
    [./node_modules/webpack/buildin/module.js] [1m(webpack)/buildin/module.js[39m[22m 497 bytes {[1m[33m0[39m[22m}
c[09:05:43] Compiling Client
[09:05:43] Compiled Client in 245ms
c
 DONE  [09:05:43] Build 2163fd finished in 247 ms!
⚠ ｢wdm｣: Hash: [1m2163fdddae979f8e9e40[39m[22m
Version: webpack [1m4.15.1[39m[22m
Time: [1m11247[39m[22mms
Built at: 2018-07-06 [1m09:05:43[39m[22m
                               [1mAsset[39m[22m       [1mSize[39m[22m  [1mChunks[39m[22m  [1m[39m[22m           [1m[39m[22m[1mChunk Names[39m[22m
[1m[32m234621794d801cc2872c.hot-update.json[39m[22m   44 bytes        [1m[39m[22m  [1m[32m[emitted][39m[22m  
      [1m[32massets/img/search.83621669.svg[39m[22m  216 bytes        [1m[39m[22m  [1m[32m[39m[22m           
                    [1m[32massets/js/app.js[39m[22m   2.34 MiB     [1mapp[39m[22m  [1m[32m[emitted][39m[22m  app
                      [1m[32massets/js/0.js[39m[22m   13.6 KiB       [1m0[39m[22m  [1m[32m[39m[22m           
                      [1m[32massets/js/1.js[39m[22m    579 KiB       [1m1[39m[22m  [1m[32m[39m[22m           
                      [1m[32massets/js/2.js[39m[22m   12.4 KiB       [1m2[39m[22m  [1m[32m[39m[22m           
                      [1m[32massets/js/3.js[39m[22m   12.4 KiB       [1m3[39m[22m  [1m[32m[39m[22m           
                      [1m[32massets/js/4.js[39m[22m   13.6 KiB       [1m4[39m[22m  [1m[32m[39m[22m           
[1m[32m66c598772f9d571cf6c5.hot-update.json[39m[22m   35 bytes        [1m[39m[22m  [1m[32m[emitted][39m[22m  
                          [1m[32mindex.html[39m[22m  287 bytes        [1m[39m[22m  [1m[32m[emitted][39m[22m  
Entrypoint [1mapp[39m[22m = [1m[32massets/js/app.js[39m[22m
[[1m./node_modules/core-js/modules/_core.js[39m[22m] 122 bytes {[1m[33mapp[39m[22m}
[[1m./node_modules/core-js/modules/es6.promise.js[39m[22m] 9.58 KiB {[1m[33mapp[39m[22m}
[[1m./node_modules/register-service-worker/index.js[39m[22m] 3.38 KiB {[1m[33mapp[39m[22m}
[[1m./node_modules/vuepress/lib/app/.temp/themeEnhanceApp.js[39m[22m] 29 bytes {[1m[33mapp[39m[22m}
[0] [1mmulti ./node_modules/vuepress/lib/app/clientEntry.js[39m[22m 28 bytes {[1m[33mapp[39m[22m}
[./node_modules/webpack-hot-client/client/log.js] [1m(webpack)-hot-client/client/log.js[39m[22m 2.4 KiB {[1m[33mapp[39m[22m}
[1] [1mmulti webpack-hot-client/client?1fa6da7f-6b15-4735-aa33-6fd5810f5fdf ./node_modules/vuepress/lib/app/clientEntry.js[39m[22m 40 bytes {[1m[33mapp[39m[22m}
[[1m./node_modules/vuepress/lib/app/app.js[39m[22m] 2.69 KiB {[1m[33mapp[39m[22m}
[[1m./node_modules/vuepress/lib/app/clientEntry.js[39m[22m] 2.11 KiB {[1m[33mapp[39m[22m}
[[1m./node_modules/vuepress/lib/app/components/ClientOnly.js[39m[22m] 306 bytes {[1m[33mapp[39m[22m}
[[1m./node_modules/vuepress/lib/app/components/Content.js[39m[22m] 381 bytes {[1m[33mapp[39m[22m}
[[1m./node_modules/vuepress/lib/app/components/OutboundLink.vue[39m[22m] 1.08 KiB {[1m[33mapp[39m[22m}
[./node_modules/webpack-hot-client/client/hot.js] [1m(webpack)-hot-client/client/hot.js[39m[22m 4.91 KiB {[1m[33mapp[39m[22m}
[./node_modules/webpack-hot-client/client/index.js?1fa6da7f-6b15-4735-aa33-6fd5810f5fdf] [1m(webpack)-hot-client/client?1fa6da7f-6b15-4735-aa33-6fd5810f5fdf[39m[22m 2.47 KiB {[1m[33mapp[39m[22m}
[./node_modules/webpack-hot-client/client/socket.js] [1m(webpack)-hot-client/client/socket.js[39m[22m 1.39 KiB {[1m[33mapp[39m[22m}
    + 260 hidden modules

[1m[33mWARNING in ./docs/vue/Vue.md
There are multiple modules with names that only differ in casing.
This can lead to unexpected behavior when compiling on a filesystem with other case-semantic.
Use equal casing. Compare these module identifiers:
* /home/arblog/node_modules/cache-loader/dist/cjs.js??ref--1-0!/home/arblog/node_modules/vue-loader/lib/index.js??ref--1-1!/home/arblog/node_modules/vuepress/lib/webpack/markdownLoader.js??ref--1-2!/home/arblog/docs/vue/Vue.md
    Used by 1 module(s), i. e.
    /home/arblog/node_modules/cache-loader/dist/cjs.js??ref--3-0!/home/arblog/node_modules/babel-loader/lib/index.js??ref--3-1!/home/arblog/node_modules/vuepress/lib/app/.temp/routes.js
* /home/arblog/node_modules/cache-loader/dist/cjs.js??ref--1-0!/home/arblog/node_modules/vue-loader/lib/index.js??ref--1-1!/home/arblog/node_modules/vuepress/lib/webpack/markdownLoader.js??ref--1-2!/home/arblog/docs/vue/vue.md
    Used by 1 module(s), i. e.
    /home/arblog/node_modules/cache-loader/dist/cjs.js??ref--3-0!/home/arblog/node_modules/babel-loader/lib/index.js??ref--3-1!/home/arblog/node_modules/vuepress/lib/app/.temp/routes.js
 @ ./docs/vue/Vue.md
 @ ./node_modules/vuepress/lib/app/.temp/routes.js
 @ ./node_modules/vuepress/lib/app/app.js
 @ ./node_modules/vuepress/lib/app/clientEntry.js
 @ multi ./node_modules/vuepress/lib/app/clientEntry.js[39m[22m
Child [1mhtml-webpack-plugin for "index.html"[39m[22m:
                                   [1mAsset[39m[22m      [1mSize[39m[22m  [1mChunks[39m[22m  [1m[39m[22m           [1m[39m[22m[1mChunk Names[39m[22m
                              [1m[32mindex.html[39m[22m  1.38 MiB       [1m1[39m[22m  [1m[32m[39m[22m           
    [1m[32m234621794d801cc2872c.hot-update.json[39m[22m  44 bytes        [1m[39m[22m  [1m[32m[emitted][39m[22m  
    Entrypoint [1mundefined[39m[22m = [1m[32mindex.html[39m[22m
    [[1m./node_modules/lodash/lodash.js[39m[22m] 527 KiB {[1m[33m1[39m[22m}
    [[1m./node_modules/vuepress-html-webpack-plugin/lib/loader.js!./node_modules/vuepress/lib/app/index.dev.html[39m[22m] 421 bytes {[1m[33m1[39m[22m}
    [./node_modules/webpack/buildin/module.js] [1m(webpack)/buildin/module.js[39m[22m 497 bytes {[1m[33m1[39m[22m}
c[09:06:15] Compiling Client
[09:06:15] Compiled Client in 254ms
c
 DONE  [09:06:15] Build 899547 finished in 256 ms!
⚠ ｢wdm｣: Hash: [1m899547664d9207dbe980[39m[22m
Version: webpack [1m4.15.1[39m[22m
Time: [1m11256[39m[22mms
Built at: 2018-07-06 [1m09:06:15[39m[22m
                               [1mAsset[39m[22m       [1mSize[39m[22m  [1mChunks[39m[22m  [1m[39m[22m           [1m[39m[22m[1mChunk Names[39m[22m
                      [1m[32massets/js/2.js[39m[22m   13.6 KiB       [1m2[39m[22m  [1m[32m[emitted][39m[22m  
[1m[32m0a5803e9d8d82fa36d4f.hot-update.json[39m[22m   44 bytes        [1m[39m[22m  [1m[32m[emitted][39m[22m  
                    [1m[32massets/js/app.js[39m[22m   2.34 MiB     [1mapp[39m[22m  [1m[32m[emitted][39m[22m  app
                      [1m[32massets/js/0.js[39m[22m   13.6 KiB       [1m0[39m[22m  [1m[32m[39m[22m           
                      [1m[32massets/js/1.js[39m[22m    579 KiB       [1m1[39m[22m  [1m[32m[39m[22m           
      [1m[32massets/img/search.83621669.svg[39m[22m  216 bytes        [1m[39m[22m  [1m[32m[39m[22m           
                      [1m[32massets/js/3.js[39m[22m   12.4 KiB       [1m3[39m[22m  [1m[32m[39m[22m           
                      [1m[32massets/js/4.js[39m[22m   13.6 KiB       [1m4[39m[22m  [1m[32m[39m[22m           
[1m[32m2.2163fdddae979f8e9e40.hot-update.js[39m[22m   5.29 KiB       [1m2[39m[22m  [1m[32m[emitted][39m[22m  
[1m[32m2163fdddae979f8e9e40.hot-update.json[39m[22m   43 bytes        [1m[39m[22m  [1m[32m[emitted][39m[22m  
                          [1m[32mindex.html[39m[22m  287 bytes        [1m[39m[22m  [1m[32m[emitted][39m[22m  
Entrypoint [1mapp[39m[22m = [1m[32massets/js/app.js[39m[22m
[[1m./node_modules/core-js/modules/_core.js[39m[22m] 122 bytes {[1m[33mapp[39m[22m}
[[1m./node_modules/core-js/modules/es6.promise.js[39m[22m] 9.58 KiB {[1m[33mapp[39m[22m}
[[1m./node_modules/register-service-worker/index.js[39m[22m] 3.38 KiB {[1m[33mapp[39m[22m}
[[1m./node_modules/vuepress/lib/app/.temp/themeEnhanceApp.js[39m[22m] 29 bytes {[1m[33mapp[39m[22m}
[0] [1mmulti ./node_modules/vuepress/lib/app/clientEntry.js[39m[22m 28 bytes {[1m[33mapp[39m[22m}
[./node_modules/webpack-hot-client/client/log.js] [1m(webpack)-hot-client/client/log.js[39m[22m 2.4 KiB {[1m[33mapp[39m[22m}
[1] [1mmulti webpack-hot-client/client?1fa6da7f-6b15-4735-aa33-6fd5810f5fdf ./node_modules/vuepress/lib/app/clientEntry.js[39m[22m 40 bytes {[1m[33mapp[39m[22m}
[[1m./node_modules/vuepress/lib/app/app.js[39m[22m] 2.69 KiB {[1m[33mapp[39m[22m}
[[1m./node_modules/vuepress/lib/app/clientEntry.js[39m[22m] 2.11 KiB {[1m[33mapp[39m[22m}
[[1m./node_modules/vuepress/lib/app/components/ClientOnly.js[39m[22m] 306 bytes {[1m[33mapp[39m[22m}
[[1m./node_modules/vuepress/lib/app/components/Content.js[39m[22m] 381 bytes {[1m[33mapp[39m[22m}
[[1m./node_modules/vuepress/lib/app/components/OutboundLink.vue[39m[22m] 1.08 KiB {[1m[33mapp[39m[22m}
[./node_modules/webpack-hot-client/client/hot.js] [1m(webpack)-hot-client/client/hot.js[39m[22m 4.91 KiB {[1m[33mapp[39m[22m}
[./node_modules/webpack-hot-client/client/index.js?1fa6da7f-6b15-4735-aa33-6fd5810f5fdf] [1m(webpack)-hot-client/client?1fa6da7f-6b15-4735-aa33-6fd5810f5fdf[39m[22m 2.47 KiB {[1m[33mapp[39m[22m}
[./node_modules/webpack-hot-client/client/socket.js] [1m(webpack)-hot-client/client/socket.js[39m[22m 1.39 KiB {[1m[33mapp[39m[22m}
    + 260 hidden modules

[1m[33mWARNING in ./docs/vue/Vue.md
There are multiple modules with names that only differ in casing.
This can lead to unexpected behavior when compiling on a filesystem with other case-semantic.
Use equal casing. Compare these module identifiers:
* /home/arblog/node_modules/cache-loader/dist/cjs.js??ref--1-0!/home/arblog/node_modules/vue-loader/lib/index.js??ref--1-1!/home/arblog/node_modules/vuepress/lib/webpack/markdownLoader.js??ref--1-2!/home/arblog/docs/vue/Vue.md
    Used by 1 module(s), i. e.
    /home/arblog/node_modules/cache-loader/dist/cjs.js??ref--3-0!/home/arblog/node_modules/babel-loader/lib/index.js??ref--3-1!/home/arblog/node_modules/vuepress/lib/app/.temp/routes.js
* /home/arblog/node_modules/cache-loader/dist/cjs.js??ref--1-0!/home/arblog/node_modules/vue-loader/lib/index.js??ref--1-1!/home/arblog/node_modules/vuepress/lib/webpack/markdownLoader.js??ref--1-2!/home/arblog/docs/vue/vue.md
    Used by 1 module(s), i. e.
    /home/arblog/node_modules/cache-loader/dist/cjs.js??ref--3-0!/home/arblog/node_modules/babel-loader/lib/index.js??ref--3-1!/home/arblog/node_modules/vuepress/lib/app/.temp/routes.js
 @ ./docs/vue/Vue.md
 @ ./node_modules/vuepress/lib/app/.temp/routes.js
 @ ./node_modules/vuepress/lib/app/app.js
 @ ./node_modules/vuepress/lib/app/clientEntry.js
 @ multi ./node_modules/vuepress/lib/app/clientEntry.js[39m[22m
Child [1mhtml-webpack-plugin for "index.html"[39m[22m:
                                   [1mAsset[39m[22m      [1mSize[39m[22m  [1mChunks[39m[22m  [1m[39m[22m           [1m[39m[22m[1mChunk Names[39m[22m
                              [1m[32mindex.html[39m[22m  1.38 MiB       [1m0[39m[22m  [1m[32m[39m[22m           
    [1m[32m0a5803e9d8d82fa36d4f.hot-update.json[39m[22m  44 bytes        [1m[39m[22m  [1m[32m[emitted][39m[22m  
    Entrypoint [1mundefined[39m[22m = [1m[32mindex.html[39m[22m
    [[1m./node_modules/lodash/lodash.js[39m[22m] 527 KiB {[1m[33m0[39m[22m}
    [[1m./node_modules/vuepress-html-webpack-plugin/lib/loader.js!./node_modules/vuepress/lib/app/index.dev.html[39m[22m] 421 bytes {[1m[33m0[39m[22m}
    [./node_modules/webpack/buildin/module.js] [1m(webpack)/buildin/module.js[39m[22m 497 bytes {[1m[33m0[39m[22m}
c[09:06:15] Compiling Client
[09:06:16] Compiled Client in 236ms
c
 DONE  [09:06:16] Build 551f5f finished in 237 ms!
⚠ ｢wdm｣: Hash: [1m551f5f610934b0cbd516[39m[22m
Version: webpack [1m4.15.1[39m[22m
Time: [1m11237[39m[22mms
Built at: 2018-07-06 [1m09:06:16[39m[22m
                                 [1mAsset[39m[22m       [1mSize[39m[22m  [1mChunks[39m[22m  [1m[39m[22m           [1m[39m[22m[1mChunk Names[39m[22m
                        [1m[32massets/js/2.js[39m[22m   13.6 KiB       [1m2[39m[22m  [1m[32m[39m[22m           
  [1m[32mcd9072600353f9963fe0.hot-update.json[39m[22m   44 bytes        [1m[39m[22m  [1m[32m[emitted][39m[22m  
                      [1m[32massets/js/app.js[39m[22m   2.34 MiB     [1mapp[39m[22m  [1m[32m[emitted][39m[22m  app
                        [1m[32massets/js/0.js[39m[22m   13.6 KiB       [1m0[39m[22m  [1m[32m[39m[22m           
                        [1m[32massets/js/1.js[39m[22m    579 KiB       [1m1[39m[22m  [1m[32m[39m[22m           
        [1m[32massets/img/search.83621669.svg[39m[22m  216 bytes        [1m[39m[22m  [1m[32m[39m[22m           
                        [1m[32massets/js/3.js[39m[22m   12.4 KiB       [1m3[39m[22m  [1m[32m[39m[22m           
                        [1m[32massets/js/4.js[39m[22m   13.6 KiB       [1m4[39m[22m  [1m[32m[39m[22m           
[1m[32mapp.899547664d9207dbe980.hot-update.js[39m[22m   9.57 KiB     [1mapp[39m[22m  [1m[32m[emitted][39m[22m  app
  [1m[32m899547664d9207dbe980.hot-update.json[39m[22m   45 bytes        [1m[39m[22m  [1m[32m[emitted][39m[22m  
                            [1m[32mindex.html[39m[22m  287 bytes        [1m[39m[22m  [1m[32m[emitted][39m[22m  
Entrypoint [1mapp[39m[22m = [1m[32massets/js/app.js[39m[22m [1m[32mapp.899547664d9207dbe980.hot-update.js[39m[22m
[[1m./node_modules/core-js/modules/_core.js[39m[22m] 122 bytes {[1m[33mapp[39m[22m}
[[1m./node_modules/core-js/modules/es6.promise.js[39m[22m] 9.58 KiB {[1m[33mapp[39m[22m}
[[1m./node_modules/register-service-worker/index.js[39m[22m] 3.38 KiB {[1m[33mapp[39m[22m}
[[1m./node_modules/vuepress/lib/app/.temp/themeEnhanceApp.js[39m[22m] 29 bytes {[1m[33mapp[39m[22m}
[0] [1mmulti ./node_modules/vuepress/lib/app/clientEntry.js[39m[22m 28 bytes {[1m[33mapp[39m[22m}
[./node_modules/webpack-hot-client/client/log.js] [1m(webpack)-hot-client/client/log.js[39m[22m 2.4 KiB {[1m[33mapp[39m[22m}
[1] [1mmulti webpack-hot-client/client?1fa6da7f-6b15-4735-aa33-6fd5810f5fdf ./node_modules/vuepress/lib/app/clientEntry.js[39m[22m 40 bytes {[1m[33mapp[39m[22m}
[[1m./node_modules/vuepress/lib/app/app.js[39m[22m] 2.69 KiB {[1m[33mapp[39m[22m}
[[1m./node_modules/vuepress/lib/app/clientEntry.js[39m[22m] 2.11 KiB {[1m[33mapp[39m[22m}
[[1m./node_modules/vuepress/lib/app/components/ClientOnly.js[39m[22m] 306 bytes {[1m[33mapp[39m[22m}
[[1m./node_modules/vuepress/lib/app/components/Content.js[39m[22m] 381 bytes {[1m[33mapp[39m[22m}
[[1m./node_modules/vuepress/lib/app/components/OutboundLink.vue[39m[22m] 1.08 KiB {[1m[33mapp[39m[22m}
[./node_modules/webpack-hot-client/client/hot.js] [1m(webpack)-hot-client/client/hot.js[39m[22m 4.91 KiB {[1m[33mapp[39m[22m}
[./node_modules/webpack-hot-client/client/index.js?1fa6da7f-6b15-4735-aa33-6fd5810f5fdf] [1m(webpack)-hot-client/client?1fa6da7f-6b15-4735-aa33-6fd5810f5fdf[39m[22m 2.47 KiB {[1m[33mapp[39m[22m}
[./node_modules/webpack-hot-client/client/socket.js] [1m(webpack)-hot-client/client/socket.js[39m[22m 1.39 KiB {[1m[33mapp[39m[22m}
    + 260 hidden modules

[1m[33mWARNING in ./docs/vue/Vue.md
There are multiple modules with names that only differ in casing.
This can lead to unexpected behavior when compiling on a filesystem with other case-semantic.
Use equal casing. Compare these module identifiers:
* /home/arblog/node_modules/cache-loader/dist/cjs.js??ref--1-0!/home/arblog/node_modules/vue-loader/lib/index.js??ref--1-1!/home/arblog/node_modules/vuepress/lib/webpack/markdownLoader.js??ref--1-2!/home/arblog/docs/vue/Vue.md
    Used by 1 module(s), i. e.
    /home/arblog/node_modules/cache-loader/dist/cjs.js??ref--3-0!/home/arblog/node_modules/babel-loader/lib/index.js??ref--3-1!/home/arblog/node_modules/vuepress/lib/app/.temp/routes.js
* /home/arblog/node_modules/cache-loader/dist/cjs.js??ref--1-0!/home/arblog/node_modules/vue-loader/lib/index.js??ref--1-1!/home/arblog/node_modules/vuepress/lib/webpack/markdownLoader.js??ref--1-2!/home/arblog/docs/vue/vue.md
    Used by 1 module(s), i. e.
    /home/arblog/node_modules/cache-loader/dist/cjs.js??ref--3-0!/home/arblog/node_modules/babel-loader/lib/index.js??ref--3-1!/home/arblog/node_modules/vuepress/lib/app/.temp/routes.js
 @ ./docs/vue/Vue.md
 @ ./node_modules/vuepress/lib/app/.temp/routes.js
 @ ./node_modules/vuepress/lib/app/app.js
 @ ./node_modules/vuepress/lib/app/clientEntry.js
 @ multi ./node_modules/vuepress/lib/app/clientEntry.js[39m[22m
Child [1mhtml-webpack-plugin for "index.html"[39m[22m:
                                   [1mAsset[39m[22m      [1mSize[39m[22m  [1mChunks[39m[22m  [1m[39m[22m           [1m[39m[22m[1mChunk Names[39m[22m
                              [1m[32mindex.html[39m[22m  1.38 MiB       [1m1[39m[22m  [1m[32m[39m[22m           
    [1m[32mcd9072600353f9963fe0.hot-update.json[39m[22m  44 bytes        [1m[39m[22m  [1m[32m[emitted][39m[22m  
    Entrypoint [1mundefined[39m[22m = [1m[32mindex.html[39m[22m
    [[1m./node_modules/lodash/lodash.js[39m[22m] 527 KiB {[1m[33m1[39m[22m}
    [[1m./node_modules/vuepress-html-webpack-plugin/lib/loader.js!./node_modules/vuepress/lib/app/index.dev.html[39m[22m] 421 bytes {[1m[33m1[39m[22m}
    [./node_modules/webpack/buildin/module.js] [1m(webpack)/buildin/module.js[39m[22m 497 bytes {[1m[33m1[39m[22m}
 FAIL  /home/arblog/docs/.vuepress/config.js:25
  sidebarDepth: 2,
  ^^^^^^^^^^^^

SyntaxError: Unexpected identifier
    at createScript (vm.js:80:10)
    at Object.runInThisContext (vm.js:139:10)
    at Module._compile (module.js:616:28)
    at Object.Module._extensions..js (module.js:663:10)
    at Module.load (module.js:565:32)
    at tryModuleLoad (module.js:505:12)
    at Function.Module._load (module.js:497:3)
    at Module.require (module.js:596:17)
    at require (internal/module.js:11:18)
    at loadConfig (/home/arblog/node_modules/vuepress/lib/prepare/loadConfig.js:22:18)
    at resolveOptions (/home/arblog/node_modules/vuepress/lib/prepare/resolveOptions.js:15:22)
    at prepare (/home/arblog/node_modules/vuepress/lib/prepare/index.js:9:25)
    at FSWatcher.update (/home/arblog/node_modules/vuepress/lib/dev.js:27:5)
    at emitOne (events.js:116:13)
    at FSWatcher.emit (events.js:211:7)
    at FSWatcher.<anonymous> (/home/arblog/node_modules/chokidar/index.js:184:21)
[09:28:10] Compiling Client
[09:28:11] Compiled Client in 279ms
c
 DONE  [09:28:11] Build cbf59c finished in 280 ms!
✖ ｢wdm｣: Hash: [1mcbf59c0f759e8dad675e[39m[22m
Version: webpack [1m4.15.1[39m[22m
Time: [1m11280[39m[22mms
Built at: 2018-07-06 [1m09:28:11[39m[22m
                                 [1mAsset[39m[22m       [1mSize[39m[22m  [1mChunks[39m[22m  [1m[39m[22m           [1m[39m[22m[1mChunk Names[39m[22m
                        [1m[32massets/js/3.js[39m[22m   12.4 KiB       [1m3[39m[22m  [1m[32m[39m[22m           
  [1m[32md548a2d76ca66df4c0a9.hot-update.json[39m[22m   44 bytes        [1m[39m[22m  [1m[32m[emitted][39m[22m  
                      [1m[32massets/js/app.js[39m[22m   2.34 MiB     [1mapp[39m[22m  [1m[32m[emitted][39m[22m  app
                        [1m[32massets/js/0.js[39m[22m   13.6 KiB       [1m0[39m[22m  [1m[32m[39m[22m           
                        [1m[32massets/js/1.js[39m[22m  724 bytes       [1m1[39m[22m  [1m[32m[emitted][39m[22m  
                        [1m[32massets/js/2.js[39m[22m   13.6 KiB       [1m2[39m[22m  [1m[32m[39m[22m           
        [1m[32massets/img/search.83621669.svg[39m[22m  216 bytes        [1m[39m[22m  [1m[32m[39m[22m           
                        [1m[32massets/js/5.js[39m[22m    579 KiB       [1m5[39m[22m  [1m[32m[emitted][39m[22m  
  [1m[32m1.551f5f610934b0cbd516.hot-update.js[39m[22m  878 bytes       [1m1[39m[22m  [1m[32m[emitted][39m[22m  
[1m[32mapp.551f5f610934b0cbd516.hot-update.js[39m[22m    6.7 KiB     [1mapp[39m[22m  [1m[32m[emitted][39m[22m  app
  [1m[32m551f5f610934b0cbd516.hot-update.json[39m[22m   64 bytes        [1m[39m[22m  [1m[32m[emitted][39m[22m  
                            [1m[32mindex.html[39m[22m  287 bytes        [1m[39m[22m  [1m[32m[emitted][39m[22m  
Entrypoint [1mapp[39m[22m = [1m[32massets/js/app.js[39m[22m [1m[32mapp.551f5f610934b0cbd516.hot-update.js[39m[22m
[[1m./node_modules/core-js/modules/_core.js[39m[22m] 122 bytes {[1m[33mapp[39m[22m}
[[1m./node_modules/core-js/modules/es6.promise.js[39m[22m] 9.58 KiB {[1m[33mapp[39m[22m}
[[1m./node_modules/register-service-worker/index.js[39m[22m] 3.38 KiB {[1m[33mapp[39m[22m}
[[1m./node_modules/vuepress/lib/app/.temp/themeEnhanceApp.js[39m[22m] 29 bytes {[1m[33mapp[39m[22m}
[0] [1mmulti ./node_modules/vuepress/lib/app/clientEntry.js[39m[22m 28 bytes {[1m[33mapp[39m[22m}
[./node_modules/webpack-hot-client/client/log.js] [1m(webpack)-hot-client/client/log.js[39m[22m 2.4 KiB {[1m[33mapp[39m[22m}
[1] [1mmulti webpack-hot-client/client?1fa6da7f-6b15-4735-aa33-6fd5810f5fdf ./node_modules/vuepress/lib/app/clientEntry.js[39m[22m 40 bytes {[1m[33mapp[39m[22m}
[[1m./node_modules/vuepress/lib/app/app.js[39m[22m] 2.69 KiB {[1m[33mapp[39m[22m}
[[1m./node_modules/vuepress/lib/app/clientEntry.js[39m[22m] 2.11 KiB {[1m[33mapp[39m[22m}
[[1m./node_modules/vuepress/lib/app/components/ClientOnly.js[39m[22m] 306 bytes {[1m[33mapp[39m[22m}
[[1m./node_modules/vuepress/lib/app/components/Content.js[39m[22m] 381 bytes {[1m[33mapp[39m[22m}
[[1m./node_modules/vuepress/lib/app/components/OutboundLink.vue[39m[22m] 1.08 KiB {[1m[33mapp[39m[22m}
[./node_modules/webpack-hot-client/client/hot.js] [1m(webpack)-hot-client/client/hot.js[39m[22m 4.91 KiB {[1m[33mapp[39m[22m}
[./node_modules/webpack-hot-client/client/index.js?1fa6da7f-6b15-4735-aa33-6fd5810f5fdf] [1m(webpack)-hot-client/client?1fa6da7f-6b15-4735-aa33-6fd5810f5fdf[39m[22m 2.47 KiB {[1m[33mapp[39m[22m}
[./node_modules/webpack-hot-client/client/socket.js] [1m(webpack)-hot-client/client/socket.js[39m[22m 1.39 KiB {[1m[33mapp[39m[22m}
    + 258 hidden modules

[1m[33mWARNING in ./docs/vue/Vue.md
There are multiple modules with names that only differ in casing.
This can lead to unexpected behavior when compiling on a filesystem with other case-semantic.
Use equal casing. Compare these module identifiers:
* /home/arblog/node_modules/cache-loader/dist/cjs.js??ref--1-0!/home/arblog/node_modules/vue-loader/lib/index.js??ref--1-1!/home/arblog/node_modules/vuepress/lib/webpack/markdownLoader.js??ref--1-2!/home/arblog/docs/vue/Vue.md
    Used by 1 module(s), i. e.
    /home/arblog/node_modules/cache-loader/dist/cjs.js??ref--3-0!/home/arblog/node_modules/babel-loader/lib/index.js??ref--3-1!/home/arblog/node_modules/vuepress/lib/app/.temp/routes.js
* /home/arblog/node_modules/cache-loader/dist/cjs.js??ref--1-0!/home/arblog/node_modules/vue-loader/lib/index.js??ref--1-1!/home/arblog/node_modules/vuepress/lib/webpack/markdownLoader.js??ref--1-2!/home/arblog/docs/vue/vue.md
    Used by 1 module(s), i. e.
    /home/arblog/node_modules/cache-loader/dist/cjs.js??ref--3-0!/home/arblog/node_modules/babel-loader/lib/index.js??ref--3-1!/home/arblog/node_modules/vuepress/lib/app/.temp/routes.js
 @ ./docs/vue/Vue.md
 @ ./node_modules/vuepress/lib/app/.temp/routes.js
 @ ./node_modules/vuepress/lib/app/app.js
 @ ./node_modules/vuepress/lib/app/clientEntry.js
 @ multi ./node_modules/vuepress/lib/app/clientEntry.js[39m[22m

[1m[31mERROR in ./docs/vue/Vue.md
Module build failed (from ./node_modules/vuepress/lib/webpack/markdownLoader.js):
Error: ENOENT: no such file or directory, open '/home/arblog/docs/vue/Vue.md'
 @ ./node_modules/vuepress/lib/app/.temp/routes.js 36:4-42
 @ ./node_modules/vuepress/lib/app/app.js
 @ ./node_modules/vuepress/lib/app/clientEntry.js
 @ multi ./node_modules/vuepress/lib/app/clientEntry.js[39m[22m
Child [1mhtml-webpack-plugin for "index.html"[39m[22m:
                                   [1mAsset[39m[22m      [1mSize[39m[22m  [1mChunks[39m[22m  [1m[39m[22m           [1m[39m[22m[1mChunk Names[39m[22m
                              [1m[32mindex.html[39m[22m  1.38 MiB       [1m0[39m[22m  [1m[32m[39m[22m           
    [1m[32md548a2d76ca66df4c0a9.hot-update.json[39m[22m  44 bytes        [1m[39m[22m  [1m[32m[emitted][39m[22m  
    Entrypoint [1mundefined[39m[22m = [1m[32mindex.html[39m[22m
    [[1m./node_modules/lodash/lodash.js[39m[22m] 527 KiB {[1m[33m0[39m[22m}
    [[1m./node_modules/vuepress-html-webpack-plugin/lib/loader.js!./node_modules/vuepress/lib/app/index.dev.html[39m[22m] 421 bytes {[1m[33m0[39m[22m}
    [./node_modules/webpack/buildin/module.js] [1m(webpack)/buildin/module.js[39m[22m 497 bytes {[1m[33m0[39m[22m}
c[09:33:56] Compiling Client
[09:33:56] Compiled Client in 295ms
c
 DONE  [09:33:56] Build ca449a finished in 296 ms!
✖ ｢wdm｣: Hash: [1mca449a667db86859005c[39m[22m
Version: webpack [1m4.15.1[39m[22m
Time: [1m11296[39m[22mms
Built at: 2018-07-06 [1m09:33:56[39m[22m
                               [1mAsset[39m[22m       [1mSize[39m[22m  [1mChunks[39m[22m  [1m[39m[22m           [1m[39m[22m[1mChunk Names[39m[22m
                      [1m[32massets/js/2.js[39m[22m   13.6 KiB       [1m2[39m[22m  [1m[32m[39m[22m           
[1m[32md5c12b4a23cb8abe26d2.hot-update.json[39m[22m   44 bytes        [1m[39m[22m  [1m[32m[emitted][39m[22m  
                    [1m[32massets/js/app.js[39m[22m   2.34 MiB     [1mapp[39m[22m  [1m[32m[emitted][39m[22m  app
                      [1m[32massets/js/0.js[39m[22m   15.7 KiB       [1m0[39m[22m  [1m[32m[emitted][39m[22m  
                      [1m[32massets/js/1.js[39m[22m  724 bytes       [1m1[39m[22m  [1m[32m[39m[22m           
      [1m[32massets/img/search.83621669.svg[39m[22m  216 bytes        [1m[39m[22m  [1m[32m[39m[22m           
                      [1m[32massets/js/3.js[39m[22m   12.4 KiB       [1m3[39m[22m  [1m[32m[39m[22m           
                      [1m[32massets/js/5.js[39m[22m    579 KiB       [1m5[39m[22m  [1m[32m[39m[22m           
[1m[32m0.cbf59c0f759e8dad675e.hot-update.js[39m[22m   7.41 KiB       [1m0[39m[22m  [1m[32m[emitted][39m[22m  
[1m[32mcbf59c0f759e8dad675e.hot-update.json[39m[22m   43 bytes        [1m[39m[22m  [1m[32m[emitted][39m[22m  
                          [1m[32mindex.html[39m[22m  287 bytes        [1m[39m[22m  [1m[32m[emitted][39m[22m  
Entrypoint [1mapp[39m[22m = [1m[32massets/js/app.js[39m[22m
[[1m./node_modules/core-js/modules/_core.js[39m[22m] 122 bytes {[1m[33mapp[39m[22m}
[[1m./node_modules/core-js/modules/es6.promise.js[39m[22m] 9.58 KiB {[1m[33mapp[39m[22m}
[[1m./node_modules/register-service-worker/index.js[39m[22m] 3.38 KiB {[1m[33mapp[39m[22m}
[[1m./node_modules/vuepress/lib/app/.temp/themeEnhanceApp.js[39m[22m] 29 bytes {[1m[33mapp[39m[22m}
[0] [1mmulti ./node_modules/vuepress/lib/app/clientEntry.js[39m[22m 28 bytes {[1m[33mapp[39m[22m}
[./node_modules/webpack-hot-client/client/log.js] [1m(webpack)-hot-client/client/log.js[39m[22m 2.4 KiB {[1m[33mapp[39m[22m}
[1] [1mmulti webpack-hot-client/client?1fa6da7f-6b15-4735-aa33-6fd5810f5fdf ./node_modules/vuepress/lib/app/clientEntry.js[39m[22m 40 bytes {[1m[33mapp[39m[22m}
[[1m./node_modules/vuepress/lib/app/app.js[39m[22m] 2.69 KiB {[1m[33mapp[39m[22m}
[[1m./node_modules/vuepress/lib/app/clientEntry.js[39m[22m] 2.11 KiB {[1m[33mapp[39m[22m}
[[1m./node_modules/vuepress/lib/app/components/ClientOnly.js[39m[22m] 306 bytes {[1m[33mapp[39m[22m}
[[1m./node_modules/vuepress/lib/app/components/Content.js[39m[22m] 381 bytes {[1m[33mapp[39m[22m}
[[1m./node_modules/vuepress/lib/app/components/OutboundLink.vue[39m[22m] 1.08 KiB {[1m[33mapp[39m[22m}
[./node_modules/webpack-hot-client/client/hot.js] [1m(webpack)-hot-client/client/hot.js[39m[22m 4.91 KiB {[1m[33mapp[39m[22m}
[./node_modules/webpack-hot-client/client/index.js?1fa6da7f-6b15-4735-aa33-6fd5810f5fdf] [1m(webpack)-hot-client/client?1fa6da7f-6b15-4735-aa33-6fd5810f5fdf[39m[22m 2.47 KiB {[1m[33mapp[39m[22m}
[./node_modules/webpack-hot-client/client/socket.js] [1m(webpack)-hot-client/client/socket.js[39m[22m 1.39 KiB {[1m[33mapp[39m[22m}
    + 258 hidden modules

[1m[33mWARNING in ./docs/vue/Vue.md
There are multiple modules with names that only differ in casing.
This can lead to unexpected behavior when compiling on a filesystem with other case-semantic.
Use equal casing. Compare these module identifiers:
* /home/arblog/node_modules/cache-loader/dist/cjs.js??ref--1-0!/home/arblog/node_modules/vue-loader/lib/index.js??ref--1-1!/home/arblog/node_modules/vuepress/lib/webpack/markdownLoader.js??ref--1-2!/home/arblog/docs/vue/Vue.md
    Used by 1 module(s), i. e.
    /home/arblog/node_modules/cache-loader/dist/cjs.js??ref--3-0!/home/arblog/node_modules/babel-loader/lib/index.js??ref--3-1!/home/arblog/node_modules/vuepress/lib/app/.temp/routes.js
* /home/arblog/node_modules/cache-loader/dist/cjs.js??ref--1-0!/home/arblog/node_modules/vue-loader/lib/index.js??ref--1-1!/home/arblog/node_modules/vuepress/lib/webpack/markdownLoader.js??ref--1-2!/home/arblog/docs/vue/vue.md
    Used by 1 module(s), i. e.
    /home/arblog/node_modules/cache-loader/dist/cjs.js??ref--3-0!/home/arblog/node_modules/babel-loader/lib/index.js??ref--3-1!/home/arblog/node_modules/vuepress/lib/app/.temp/routes.js
 @ ./docs/vue/Vue.md
 @ ./node_modules/vuepress/lib/app/.temp/routes.js
 @ ./node_modules/vuepress/lib/app/app.js
 @ ./node_modules/vuepress/lib/app/clientEntry.js
 @ multi ./node_modules/vuepress/lib/app/clientEntry.js[39m[22m

[1m[31mERROR in ./docs/vue/Vue.md
Module build failed (from ./node_modules/vuepress/lib/webpack/markdownLoader.js):
Error: ENOENT: no such file or directory, open '/home/arblog/docs/vue/Vue.md'
 @ ./node_modules/vuepress/lib/app/.temp/routes.js 36:4-42
 @ ./node_modules/vuepress/lib/app/app.js
 @ ./node_modules/vuepress/lib/app/clientEntry.js
 @ multi ./node_modules/vuepress/lib/app/clientEntry.js[39m[22m
Child [1mhtml-webpack-plugin for "index.html"[39m[22m:
                                   [1mAsset[39m[22m      [1mSize[39m[22m  [1mChunks[39m[22m  [1m[39m[22m           [1m[39m[22m[1mChunk Names[39m[22m
                              [1m[32mindex.html[39m[22m  1.38 MiB       [1m1[39m[22m  [1m[32m[39m[22m           
    [1m[32md5c12b4a23cb8abe26d2.hot-update.json[39m[22m  44 bytes        [1m[39m[22m  [1m[32m[emitted][39m[22m  
    Entrypoint [1mundefined[39m[22m = [1m[32mindex.html[39m[22m
    [[1m./node_modules/lodash/lodash.js[39m[22m] 527 KiB {[1m[33m1[39m[22m}
    [[1m./node_modules/vuepress-html-webpack-plugin/lib/loader.js!./node_modules/vuepress/lib/app/index.dev.html[39m[22m] 421 bytes {[1m[33m1[39m[22m}
    [./node_modules/webpack/buildin/module.js] [1m(webpack)/buildin/module.js[39m[22m 497 bytes {[1m[33m1[39m[22m}
 FAIL  Error: [vuepress] Failed to load custom theme "awesome". File vuepress-theme-awesome/Layout.vue does not exist.
    at resolveOptions (/home/arblog/node_modules/vuepress/lib/prepare/resolveOptions.js:69:15)
    at prepare (/home/arblog/node_modules/vuepress/lib/prepare/index.js:9:25)
    at FSWatcher.update (/home/arblog/node_modules/vuepress/lib/dev.js:27:5)
    at emitTwo (events.js:126:13)
    at FSWatcher.emit (events.js:214:7)
    at FSWatcher.<anonymous> (/home/arblog/node_modules/chokidar/index.js:199:15)
    at FSWatcher._emit (/home/arblog/node_modules/chokidar/index.js:241:5)
    at FSWatcher.NodeFsHandler._handleFile (/home/arblog/node_modules/chokidar/lib/nodefs-handler.js:279:10)
    at FSWatcher.<anonymous> (/home/arblog/node_modules/chokidar/lib/nodefs-handler.js:480:21)
    at FSReqWrap.oncomplete (fs.js:153:5)
 FAIL  Error: [vuepress] Failed to load custom theme "awesome". File vuepress-theme-awesome/Layout.vue does not exist.
    at resolveOptions (/home/arblog/node_modules/vuepress/lib/prepare/resolveOptions.js:69:15)
    at prepare (/home/arblog/node_modules/vuepress/lib/prepare/index.js:9:25)
    at FSWatcher.update (/home/arblog/node_modules/vuepress/lib/dev.js:27:5)
    at emitTwo (events.js:126:13)
    at FSWatcher.emit (events.js:214:7)
    at FSWatcher.<anonymous> (/home/arblog/node_modules/chokidar/index.js:199:15)
    at FSWatcher._emit (/home/arblog/node_modules/chokidar/index.js:241:5)
    at FSWatcher.NodeFsHandler._handleFile (/home/arblog/node_modules/chokidar/lib/nodefs-handler.js:279:10)
    at FSWatcher.<anonymous> (/home/arblog/node_modules/chokidar/lib/nodefs-handler.js:480:21)
    at FSReqWrap.oncomplete (fs.js:153:5)
 FAIL  Error: [vuepress] Failed to load custom theme "awesome". File vuepress-theme-awesome/Layout.vue does not exist.
    at resolveOptions (/home/arblog/node_modules/vuepress/lib/prepare/resolveOptions.js:69:15)
    at prepare (/home/arblog/node_modules/vuepress/lib/prepare/index.js:9:25)
    at FSWatcher.update (/home/arblog/node_modules/vuepress/lib/dev.js:27:5)
    at emitTwo (events.js:126:13)
    at FSWatcher.emit (events.js:214:7)
    at FSWatcher.<anonymous> (/home/arblog/node_modules/chokidar/index.js:199:15)
    at FSWatcher._emit (/home/arblog/node_modules/chokidar/index.js:241:5)
    at FSWatcher.NodeFsHandler._handleFile (/home/arblog/node_modules/chokidar/lib/nodefs-handler.js:279:10)
    at FSWatcher.<anonymous> (/home/arblog/node_modules/chokidar/lib/nodefs-handler.js:480:21)
    at FSReqWrap.oncomplete (fs.js:153:5)
c[10:40:23] Compiling Client
 FAIL  Error: [vuepress] Failed to load custom theme "awesome". File vuepress-theme-awesome/Layout.vue does not exist.
    at resolveOptions (/home/arblog/node_modules/vuepress/lib/prepare/resolveOptions.js:69:15)
    at prepare (/home/arblog/node_modules/vuepress/lib/prepare/index.js:9:25)
    at EventEmitter.update (/home/arblog/node_modules/vuepress/lib/dev.js:27:5)
    at emitNone (events.js:106:13)
    at EventEmitter.emit (events.js:208:7)
    at Object.module.exports (/home/arblog/node_modules/vuepress/lib/webpack/markdownLoader.js:44:41)
    at LOADER_EXECUTION (/home/arblog/node_modules/loader-runner/lib/LoaderRunner.js:119:14)
    at runSyncOrAsync (/home/arblog/node_modules/loader-runner/lib/LoaderRunner.js:120:4)
    at iterateNormalLoaders (/home/arblog/node_modules/loader-runner/lib/LoaderRunner.js:229:2)
    at Array.<anonymous> (/home/arblog/node_modules/loader-runner/lib/LoaderRunner.js:202:4)
    at Storage.finished (/home/arblog/node_modules/enhanced-resolve/lib/CachedInputFileSystem.js:43:16)
    at provider (/home/arblog/node_modules/enhanced-resolve/lib/CachedInputFileSystem.js:79:9)
    at /home/arblog/node_modules/graceful-fs/graceful-fs.js:78:16
    at FSReqWrap.readFileAfterClose [as oncomplete] (fs.js:511:3)
[10:40:23] Compiled Client in 391ms
c
 DONE  [10:40:23] Build 869d2c finished in 392 ms!
✖ ｢wdm｣: Hash: [1m869d2c7998af817c1924[39m[22m
Version: webpack [1m4.15.1[39m[22m
Time: [1m11392[39m[22mms
Built at: 2018-07-06 [1m10:40:23[39m[22m
                               [1mAsset[39m[22m       [1mSize[39m[22m  [1mChunks[39m[22m  [1m[39m[22m           [1m[39m[22m[1mChunk Names[39m[22m
                      [1m[32massets/js/2.js[39m[22m   13.6 KiB       [1m2[39m[22m  [1m[32m[39m[22m           
[1m[32m8da9b3ef681ec60175f1.hot-update.json[39m[22m   44 bytes        [1m[39m[22m  [1m[32m[emitted][39m[22m  
                    [1m[32massets/js/app.js[39m[22m   2.34 MiB     [1mapp[39m[22m  [1m[32m[emitted][39m[22m  app
                      [1m[32massets/js/0.js[39m[22m   14.4 KiB       [1m0[39m[22m  [1m[32m[emitted][39m[22m  
                      [1m[32massets/js/1.js[39m[22m  724 bytes       [1m1[39m[22m  [1m[32m[39m[22m           
      [1m[32massets/img/search.83621669.svg[39m[22m  216 bytes        [1m[39m[22m  [1m[32m[39m[22m           
                      [1m[32massets/js/3.js[39m[22m   12.4 KiB       [1m3[39m[22m  [1m[32m[39m[22m           
                      [1m[32massets/js/5.js[39m[22m    579 KiB       [1m5[39m[22m  [1m[32m[39m[22m           
[1m[32m0.ca449a667db86859005c.hot-update.js[39m[22m   6.05 KiB       [1m0[39m[22m  [1m[32m[emitted][39m[22m  
[1m[32mca449a667db86859005c.hot-update.json[39m[22m   43 bytes        [1m[39m[22m  [1m[32m[emitted][39m[22m  
                          [1m[32mindex.html[39m[22m  287 bytes        [1m[39m[22m  [1m[32m[emitted][39m[22m  
Entrypoint [1mapp[39m[22m = [1m[32massets/js/app.js[39m[22m
[[1m./node_modules/core-js/modules/_core.js[39m[22m] 122 bytes {[1m[33mapp[39m[22m}
[[1m./node_modules/core-js/modules/es6.promise.js[39m[22m] 9.58 KiB {[1m[33mapp[39m[22m}
[[1m./node_modules/register-service-worker/index.js[39m[22m] 3.38 KiB {[1m[33mapp[39m[22m}
[[1m./node_modules/vuepress/lib/app/.temp/themeEnhanceApp.js[39m[22m] 29 bytes {[1m[33mapp[39m[22m}
[0] [1mmulti ./node_modules/vuepress/lib/app/clientEntry.js[39m[22m 28 bytes {[1m[33mapp[39m[22m}
[./node_modules/webpack-hot-client/client/log.js] [1m(webpack)-hot-client/client/log.js[39m[22m 2.4 KiB {[1m[33mapp[39m[22m}
[1] [1mmulti webpack-hot-client/client?1fa6da7f-6b15-4735-aa33-6fd5810f5fdf ./node_modules/vuepress/lib/app/clientEntry.js[39m[22m 40 bytes {[1m[33mapp[39m[22m}
[[1m./node_modules/vuepress/lib/app/app.js[39m[22m] 2.69 KiB {[1m[33mapp[39m[22m}
[[1m./node_modules/vuepress/lib/app/clientEntry.js[39m[22m] 2.11 KiB {[1m[33mapp[39m[22m}
[[1m./node_modules/vuepress/lib/app/components/ClientOnly.js[39m[22m] 306 bytes {[1m[33mapp[39m[22m}
[[1m./node_modules/vuepress/lib/app/components/Content.js[39m[22m] 381 bytes {[1m[33mapp[39m[22m}
[[1m./node_modules/vuepress/lib/app/components/OutboundLink.vue[39m[22m] 1.08 KiB {[1m[33mapp[39m[22m}
[./node_modules/webpack-hot-client/client/hot.js] [1m(webpack)-hot-client/client/hot.js[39m[22m 4.91 KiB {[1m[33mapp[39m[22m}
[./node_modules/webpack-hot-client/client/index.js?1fa6da7f-6b15-4735-aa33-6fd5810f5fdf] [1m(webpack)-hot-client/client?1fa6da7f-6b15-4735-aa33-6fd5810f5fdf[39m[22m 2.47 KiB {[1m[33mapp[39m[22m}
[./node_modules/webpack-hot-client/client/socket.js] [1m(webpack)-hot-client/client/socket.js[39m[22m 1.39 KiB {[1m[33mapp[39m[22m}
    + 258 hidden modules

[1m[33mWARNING in ./docs/vue/Vue.md
There are multiple modules with names that only differ in casing.
This can lead to unexpected behavior when compiling on a filesystem with other case-semantic.
Use equal casing. Compare these module identifiers:
* /home/arblog/node_modules/cache-loader/dist/cjs.js??ref--1-0!/home/arblog/node_modules/vue-loader/lib/index.js??ref--1-1!/home/arblog/node_modules/vuepress/lib/webpack/markdownLoader.js??ref--1-2!/home/arblog/docs/vue/Vue.md
    Used by 1 module(s), i. e.
    /home/arblog/node_modules/cache-loader/dist/cjs.js??ref--3-0!/home/arblog/node_modules/babel-loader/lib/index.js??ref--3-1!/home/arblog/node_modules/vuepress/lib/app/.temp/routes.js
* /home/arblog/node_modules/cache-loader/dist/cjs.js??ref--1-0!/home/arblog/node_modules/vue-loader/lib/index.js??ref--1-1!/home/arblog/node_modules/vuepress/lib/webpack/markdownLoader.js??ref--1-2!/home/arblog/docs/vue/vue.md
    Used by 1 module(s), i. e.
    /home/arblog/node_modules/cache-loader/dist/cjs.js??ref--3-0!/home/arblog/node_modules/babel-loader/lib/index.js??ref--3-1!/home/arblog/node_modules/vuepress/lib/app/.temp/routes.js
 @ ./docs/vue/Vue.md
 @ ./node_modules/vuepress/lib/app/.temp/routes.js
 @ ./node_modules/vuepress/lib/app/app.js
 @ ./node_modules/vuepress/lib/app/clientEntry.js
 @ multi ./node_modules/vuepress/lib/app/clientEntry.js[39m[22m

[1m[31mERROR in ./docs/vue/Vue.md
Module build failed (from ./node_modules/vuepress/lib/webpack/markdownLoader.js):
Error: ENOENT: no such file or directory, open '/home/arblog/docs/vue/Vue.md'
 @ ./node_modules/vuepress/lib/app/.temp/routes.js 36:4-42
 @ ./node_modules/vuepress/lib/app/app.js
 @ ./node_modules/vuepress/lib/app/clientEntry.js
 @ multi ./node_modules/vuepress/lib/app/clientEntry.js[39m[22m
Child [1mhtml-webpack-plugin for "index.html"[39m[22m:
                                   [1mAsset[39m[22m      [1mSize[39m[22m  [1mChunks[39m[22m  [1m[39m[22m           [1m[39m[22m[1mChunk Names[39m[22m
                              [1m[32mindex.html[39m[22m  1.38 MiB       [1m0[39m[22m  [1m[32m[39m[22m           
    [1m[32m8da9b3ef681ec60175f1.hot-update.json[39m[22m  44 bytes        [1m[39m[22m  [1m[32m[emitted][39m[22m  
    Entrypoint [1mundefined[39m[22m = [1m[32mindex.html[39m[22m
    [[1m./node_modules/lodash/lodash.js[39m[22m] 527 KiB {[1m[33m0[39m[22m}
    [[1m./node_modules/vuepress-html-webpack-plugin/lib/loader.js!./node_modules/vuepress/lib/app/index.dev.html[39m[22m] 421 bytes {[1m[33m0[39m[22m}
    [./node_modules/webpack/buildin/module.js] [1m(webpack)/buildin/module.js[39m[22m 497 bytes {[1m[33m0[39m[22m}
